[0m12:41:04.645625 [debug] [MainThread]: Sending event: {'category': 'dbt', 'action': 'invocation', 'label': 'start', 'context': [<snowplow_tracker.self_describing_json.SelfDescribingJson object at 0x7f4c71ec4560>, <snowplow_tracker.self_describing_json.SelfDescribingJson object at 0x7f4c7102cc50>, <snowplow_tracker.self_describing_json.SelfDescribingJson object at 0x7f4c7102eba0>]}


============================== 12:41:04.650419 | 410f83c8-8c93-4d82-906a-4f655b5ca557 ==============================
[0m12:41:04.650419 [info ] [MainThread]: Running with dbt=1.11.8
[0m12:41:04.651009 [debug] [MainThread]: running dbt with arguments {'introspect': 'True', 'log_format': 'default', 'log_path': 'logs', 'version_check': 'True', 'log_cache_events': 'False', 'cache_selected_only': 'False', 'no_print': 'None', 'fail_fast': 'False', 'static_parser': 'True', 'send_anonymous_usage_stats': 'True', 'target_path': 'None', 'partial_parse': 'True', 'use_experimental_parser': 'False', 'quiet': 'False', 'printer_width': '80', 'debug': 'False', 'warn_error': 'None', 'warn_error_options': 'WarnErrorOptionsV2(error=[], warn=[], silence=[])', 'empty': 'False', 'invocation_command': 'dbt run', 'indirect_selection': 'eager', 'write_json': 'True', 'profiles_dir': '/home/fernando/.dbt', 'use_colors': 'True'}
[0m12:41:04.651492 [error] [MainThread]: Encountered an error:
Runtime Error
  No dbt_project.yml found at expected path /home/fernando/credit-risk-platform/dbt_project.yml
  Verify that each entry within packages.yml (and their transitive dependencies) contains a file named dbt_project.yml
  
[0m12:41:04.652364 [debug] [MainThread]: Resource report: {"command_name": "run", "command_success": false, "command_wall_clock_time": 0.070676945, "process_in_blocks": "48208", "process_kernel_time": 0.211777, "process_mem_max_rss": "108064", "process_out_blocks": "8", "process_user_time": 1.704305}
[0m12:41:04.652862 [debug] [MainThread]: Command `dbt run` failed at 12:41:04.652740 after 0.07 seconds
[0m12:41:04.653243 [debug] [MainThread]: Sending event: {'category': 'dbt', 'action': 'invocation', 'label': 'end', 'context': [<snowplow_tracker.self_describing_json.SelfDescribingJson object at 0x7f4c71302180>, <snowplow_tracker.self_describing_json.SelfDescribingJson object at 0x7f4c7102cc50>, <snowplow_tracker.self_describing_json.SelfDescribingJson object at 0x7f4c7102eea0>]}
[0m12:41:04.653667 [debug] [MainThread]: Flushing usage events
[0m12:41:05.155624 [debug] [MainThread]: An error was encountered while trying to flush usage events
[0m12:41:31.290817 [debug] [MainThread]: Sending event: {'category': 'dbt', 'action': 'invocation', 'label': 'start', 'context': [<snowplow_tracker.self_describing_json.SelfDescribingJson object at 0x7f46a5f2fcb0>, <snowplow_tracker.self_describing_json.SelfDescribingJson object at 0x7f46a5e7e0f0>, <snowplow_tracker.self_describing_json.SelfDescribingJson object at 0x7f46a5f2c440>]}


============================== 12:41:31.293894 | 1f602457-5d8c-4d99-add6-67d236f0fd82 ==============================
[0m12:41:31.293894 [info ] [MainThread]: Running with dbt=1.11.8
[0m12:41:31.294431 [debug] [MainThread]: running dbt with arguments {'empty': 'False', 'no_print': 'None', 'quiet': 'False', 'cache_selected_only': 'False', 'target_path': 'None', 'use_colors': 'True', 'log_path': 'logs', 'version_check': 'True', 'indirect_selection': 'eager', 'warn_error_options': 'WarnErrorOptionsV2(error=[], warn=[], silence=[])', 'use_experimental_parser': 'False', 'invocation_command': 'dbt run', 'send_anonymous_usage_stats': 'True', 'introspect': 'True', 'write_json': 'True', 'printer_width': '80', 'debug': 'False', 'log_format': 'default', 'partial_parse': 'True', 'fail_fast': 'False', 'profiles_dir': '/home/fernando/.dbt', 'static_parser': 'True', 'warn_error': 'None', 'log_cache_events': 'False'}
[0m12:41:31.294874 [error] [MainThread]: Encountered an error:
Runtime Error
  No dbt_project.yml found at expected path /home/fernando/credit-risk-platform/dbt_project.yml
  Verify that each entry within packages.yml (and their transitive dependencies) contains a file named dbt_project.yml
  
[0m12:41:31.295681 [debug] [MainThread]: Resource report: {"command_name": "run", "command_success": false, "command_wall_clock_time": 0.055111494, "process_in_blocks": "0", "process_kernel_time": 0.122532, "process_mem_max_rss": "107988", "process_out_blocks": "16", "process_user_time": 1.358073}
[0m12:41:31.296077 [debug] [MainThread]: Command `dbt run` failed at 12:41:31.295992 after 0.06 seconds
[0m12:41:31.296403 [debug] [MainThread]: Sending event: {'category': 'dbt', 'action': 'invocation', 'label': 'end', 'context': [<snowplow_tracker.self_describing_json.SelfDescribingJson object at 0x7f46a7bf60c0>, <snowplow_tracker.self_describing_json.SelfDescribingJson object at 0x7f46a5992cf0>, <snowplow_tracker.self_describing_json.SelfDescribingJson object at 0x7f46a65d6f60>]}
[0m12:41:31.296729 [debug] [MainThread]: Flushing usage events
[0m12:41:31.769350 [debug] [MainThread]: An error was encountered while trying to flush usage events
[0m12:44:03.730015 [debug] [MainThread]: Sending event: {'category': 'dbt', 'action': 'invocation', 'label': 'start', 'context': [<snowplow_tracker.self_describing_json.SelfDescribingJson object at 0x7fe408342ba0>, <snowplow_tracker.self_describing_json.SelfDescribingJson object at 0x7fe40617f140>, <snowplow_tracker.self_describing_json.SelfDescribingJson object at 0x7fe40617c7a0>]}


============================== 12:44:03.733591 | 048c3f11-267d-46fe-a270-5755bcc69540 ==============================
[0m12:44:03.733591 [info ] [MainThread]: Running with dbt=1.11.8
[0m12:44:03.734967 [debug] [MainThread]: running dbt with arguments {'log_cache_events': 'False', 'invocation_command': 'dbt run', 'use_colors': 'True', 'log_format': 'default', 'log_path': 'logs', 'no_print': 'None', 'version_check': 'True', 'profiles_dir': '/home/fernando/.dbt', 'target_path': 'None', 'send_anonymous_usage_stats': 'True', 'partial_parse': 'True', 'empty': 'False', 'debug': 'False', 'cache_selected_only': 'False', 'warn_error': 'None', 'use_experimental_parser': 'False', 'indirect_selection': 'eager', 'fail_fast': 'False', 'introspect': 'True', 'write_json': 'True', 'quiet': 'False', 'warn_error_options': 'WarnErrorOptionsV2(error=[], warn=[], silence=[])', 'static_parser': 'True', 'printer_width': '80'}
[0m12:44:03.735429 [error] [MainThread]: Encountered an error:
Runtime Error
  No dbt_project.yml found at expected path /home/fernando/credit-risk-platform/dbt_project.yml
  Verify that each entry within packages.yml (and their transitive dependencies) contains a file named dbt_project.yml
  
[0m12:44:03.736281 [debug] [MainThread]: Resource report: {"command_name": "run", "command_success": false, "command_wall_clock_time": 0.06313925, "process_in_blocks": "0", "process_kernel_time": 0.121109, "process_mem_max_rss": "108068", "process_out_blocks": "8", "process_user_time": 1.392759}
[0m12:44:03.736718 [debug] [MainThread]: Command `dbt run` failed at 12:44:03.736627 after 0.06 seconds
[0m12:44:03.737124 [debug] [MainThread]: Sending event: {'category': 'dbt', 'action': 'invocation', 'label': 'end', 'context': [<snowplow_tracker.self_describing_json.SelfDescribingJson object at 0x7fe408342ba0>, <snowplow_tracker.self_describing_json.SelfDescribingJson object at 0x7fe405b27f80>, <snowplow_tracker.self_describing_json.SelfDescribingJson object at 0x7fe405ed5970>]}
[0m12:44:03.737705 [debug] [MainThread]: Flushing usage events
[0m12:44:04.244140 [debug] [MainThread]: An error was encountered while trying to flush usage events
